Using pre-set license
Built from '2020.3/staging' branch; Version is '2020.3.11f1 (99c7afb366b3) revision 10078127'; Using compiler version '192528614'; Build Type 'Release'
OS: 'Windows 10 Pro; OS build 19042.1052; Version 2009; 64bit' Language: 'en' Physical Memory: 12225 MB
BatchMode: 1, IsHumanControllingUs: 0, StartBugReporterOnCrash: 0, Is64bit: 1, IsPro: 0

 COMMAND LINE ARGUMENTS:
I:\Softwares\Installed_Softwares\Unity\2020.3.11f1\Editor\Unity.exe
-adb2
-batchMode
-noUpm
-name
AssetImportWorker0
-projectPath
F:/Game_Projects/SimpleSpaceShooter/Unity_project/SpaceShooter
-logFile
Logs/AssetImportWorker0.log
-srvPort
57727
Successfully changed project path to: F:/Game_Projects/SimpleSpaceShooter/Unity_project/SpaceShooter
F:/Game_Projects/SimpleSpaceShooter/Unity_project/SpaceShooter
Using Asset Import Pipeline V2.
Refreshing native plugins compatible for Editor in 45.83 ms, found 3 plugins.
Preloading 0 native plugins for Editor in 0.00 ms.
Initialize engine version: 2020.3.11f1 (99c7afb366b3)
[Subsystems] Discovering subsystems at path I:/Softwares/Installed_Softwares/Unity/2020.3.11f1/Editor/Data/Resources/UnitySubsystems
[Subsystems] Discovering subsystems at path F:/Game_Projects/SimpleSpaceShooter/Unity_project/SpaceShooter/Assets
GfxDevice: creating device client; threaded=0
Direct3D:
    Version:  Direct3D 11.0 [level 11.0]
    Renderer: NVIDIA GeForce GTX 650 Ti (ID=0x11c6)
    Vendor:   
    VRAM:     984 MB
    Driver:   27.21.14.5671
Initialize mono
Mono path[0] = 'I:/Softwares/Installed_Softwares/Unity/2020.3.11f1/Editor/Data/Managed'
Mono path[1] = 'I:/Softwares/Installed_Softwares/Unity/2020.3.11f1/Editor/Data/MonoBleedingEdge/lib/mono/unityjit'
Mono config path = 'I:/Softwares/Installed_Softwares/Unity/2020.3.11f1/Editor/Data/MonoBleedingEdge/etc'
Using monoOptions --debugger-agent=transport=dt_socket,embedding=1,server=y,suspend=n,address=127.0.0.1:56072
Begin MonoManager ReloadAssembly
Registering precompiled unity dll's ...
Register platform support module: I:/Softwares/Installed_Softwares/Unity/2020.3.11f1/Editor/Data/PlaybackEngines/WebGLSupport/UnityEditor.WebGL.Extensions.dll
Register platform support module: I:/Softwares/Installed_Softwares/Unity/2020.3.11f1/Editor/Data/PlaybackEngines/WindowsStandaloneSupport/UnityEditor.WindowsStandalone.Extensions.dll
Registered in 0.001408 seconds.
Native extension for WindowsStandalone target not found
Native extension for WebGL target not found
Refreshing native plugins compatible for Editor in 44.02 ms, found 3 plugins.
Preloading 0 native plugins for Editor in 0.00 ms.
Mono: successfully reloaded assembly
- Completed reload, in  1.586 seconds
Platform modules already initialized, skipping
Registering precompiled user dll's ...
Registered in 0.003939 seconds.
Begin MonoManager ReloadAssembly
Native extension for WindowsStandalone target not found
Native extension for WebGL target not found
Refreshing native plugins compatible for Editor in 43.28 ms, found 3 plugins.
Preloading 0 native plugins for Editor in 0.00 ms.
Mono: successfully reloaded assembly
- Completed reload, in  1.164 seconds
Platform modules already initialized, skipping
========================================================================
Worker process is ready to serve import requests
Launched and connected shader compiler UnityShaderCompiler.exe after 0.06 seconds
Refreshing native plugins compatible for Editor in 0.46 ms, found 3 plugins.
Preloading 0 native plugins for Editor in 0.00 ms.
Unloading 2119 Unused Serialized files (Serialized files now loaded: 0)
System memory in use before: 96.0 MB.
System memory in use after: 96.0 MB.

Unloading 35 unused Assets to reduce memory usage. Loaded Objects now: 2559.
Total: 2.820600 ms (FindLiveObjects: 0.208600 ms CreateObjectMapping: 0.087000 ms MarkObjects: 2.342800 ms  DeleteObjects: 0.180700 ms)

========================================================================
Received Import Request.
  path: Assets/Prefabs/Canvas.prefab
  artifactKey: Guid(9ec91a8b06186684cb1a644e60cc69f6) Importer(815301076,1909f56bfc062723c751e8b465ee728b)
Start importing Assets/Prefabs/Canvas.prefab using Guid(9ec91a8b06186684cb1a644e60cc69f6) Importer(815301076,1909f56bfc062723c751e8b465ee728b)  -> (artifact id: 'a7867be3dc00c9baa19e0af95bec4721') in 0.151943 seconds
  Import took 0.158610 seconds .

========================================================================
Received Import Request.
  Time since last request: 0.000300 seconds.
  path: Assets/Prefabs/InGameUI.prefab
  artifactKey: Guid(7af6342e3f360e8478721a8e63def40f) Importer(815301076,1909f56bfc062723c751e8b465ee728b)
Start importing Assets/Prefabs/InGameUI.prefab using Guid(7af6342e3f360e8478721a8e63def40f) Importer(815301076,1909f56bfc062723c751e8b465ee728b)  -> (artifact id: 'd0b4f6e02356bf9f9a843adb6a711302') in 0.021336 seconds
  Import took 0.027297 seconds .

========================================================================
Received Import Request.
  Time since last request: 2.728795 seconds.
  path: Assets/Scripts/EnemyLaser_1.cs
  artifactKey: Guid(3166ce1d9acdd934db9f6e3b973516c7) Importer(815301076,1909f56bfc062723c751e8b465ee728b)
Start importing Assets/Scripts/EnemyLaser_1.cs using Guid(3166ce1d9acdd934db9f6e3b973516c7) Importer(815301076,1909f56bfc062723c751e8b465ee728b)  -> (artifact id: '45041a4e4fa4f53e037167d9c67a38f3') in 0.012878 seconds
  Import took 0.016849 seconds .

========================================================================
Received Import Request.
  Time since last request: 0.001244 seconds.
  path: Assets/Scripts/EnemyLaser_1.cs
  artifactKey: Guid(3166ce1d9acdd934db9f6e3b973516c7) Importer(815301076,1909f56bfc062723c751e8b465ee728b)
Start importing Assets/Scripts/EnemyLaser_1.cs using Guid(3166ce1d9acdd934db9f6e3b973516c7) Importer(815301076,1909f56bfc062723c751e8b465ee728b)  -> (artifact id: '45041a4e4fa4f53e037167d9c67a38f3') in 0.005077 seconds
  Import took 0.009577 seconds .

========================================================================
Received Import Request.
  Time since last request: 2.404897 seconds.
  path: Assets/Scripts/HeroLaser_1.cs
  artifactKey: Guid(098ba293ca9f246479d2e95f2c3c1edc) Importer(815301076,1909f56bfc062723c751e8b465ee728b)
Start importing Assets/Scripts/HeroLaser_1.cs using Guid(098ba293ca9f246479d2e95f2c3c1edc) Importer(815301076,1909f56bfc062723c751e8b465ee728b)  -> (artifact id: 'ce8ad6fbe114fe627fba33af46327a42') in 0.009166 seconds
  Import took 0.014191 seconds .

========================================================================
Received Import Request.
  Time since last request: 0.002019 seconds.
  path: Assets/Scripts/HeroLaser_1.cs
  artifactKey: Guid(098ba293ca9f246479d2e95f2c3c1edc) Importer(815301076,1909f56bfc062723c751e8b465ee728b)
Start importing Assets/Scripts/HeroLaser_1.cs using Guid(098ba293ca9f246479d2e95f2c3c1edc) Importer(815301076,1909f56bfc062723c751e8b465ee728b)  -> (artifact id: 'ce8ad6fbe114fe627fba33af46327a42') in 0.003745 seconds
  Import took 0.008226 seconds .

========================================================================
Received Prepare
Registering precompiled user dll's ...
Registered in 0.003813 seconds.
Begin MonoManager ReloadAssembly
Native extension for WindowsStandalone target not found
Native extension for WebGL target not found
Refreshing native plugins compatible for Editor in 0.47 ms, found 3 plugins.
Preloading 0 native plugins for Editor in 0.00 ms.
Mono: successfully reloaded assembly
- Completed reload, in  1.062 seconds
Platform modules already initialized, skipping
Refreshing native plugins compatible for Editor in 0.69 ms, found 3 plugins.
Preloading 0 native plugins for Editor in 0.00 ms.
Unloading 2101 Unused Serialized files (Serialized files now loaded: 0)
System memory in use before: 94.8 MB.
System memory in use after: 94.8 MB.

Unloading 23 unused Assets to reduce memory usage. Loaded Objects now: 2563.
Total: 2.368000 ms (FindLiveObjects: 0.198200 ms CreateObjectMapping: 0.084400 ms MarkObjects: 1.944000 ms  DeleteObjects: 0.140400 ms)

========================================================================
Received Prepare
Registering precompiled user dll's ...
Registered in 0.003645 seconds.
Begin MonoManager ReloadAssembly
Native extension for WindowsStandalone target not found
Native extension for WebGL target not found
Refreshing native plugins compatible for Editor in 0.57 ms, found 3 plugins.
Preloading 0 native plugins for Editor in 0.00 ms.
Mono: successfully reloaded assembly
- Completed reload, in  1.054 seconds
Platform modules already initialized, skipping
Refreshing native plugins compatible for Editor in 0.48 ms, found 3 plugins.
Preloading 0 native plugins for Editor in 0.00 ms.
Unloading 2101 Unused Serialized files (Serialized files now loaded: 0)
System memory in use before: 94.8 MB.
System memory in use after: 94.8 MB.

Unloading 23 unused Assets to reduce memory usage. Loaded Objects now: 2567.
Total: 2.457100 ms (FindLiveObjects: 0.202200 ms CreateObjectMapping: 0.087200 ms MarkObjects: 2.019700 ms  DeleteObjects: 0.146900 ms)

========================================================================
Received Prepare
Registering precompiled user dll's ...
Registered in 0.003865 seconds.
Begin MonoManager ReloadAssembly
Native extension for WindowsStandalone target not found
Native extension for WebGL target not found
Refreshing native plugins compatible for Editor in 0.48 ms, found 3 plugins.
Preloading 0 native plugins for Editor in 0.00 ms.
Mono: successfully reloaded assembly
- Completed reload, in  1.032 seconds
Platform modules already initialized, skipping
Refreshing native plugins compatible for Editor in 0.47 ms, found 3 plugins.
Preloading 0 native plugins for Editor in 0.00 ms.
Unloading 2101 Unused Serialized files (Serialized files now loaded: 0)
System memory in use before: 94.8 MB.
System memory in use after: 94.8 MB.

Unloading 23 unused Assets to reduce memory usage. Loaded Objects now: 2571.
Total: 2.381300 ms (FindLiveObjects: 0.189900 ms CreateObjectMapping: 0.081600 ms MarkObjects: 1.964600 ms  DeleteObjects: 0.144300 ms)

========================================================================
Received Prepare
Registering precompiled user dll's ...
Registered in 0.003657 seconds.
Begin MonoManager ReloadAssembly
Native extension for WindowsStandalone target not found
Native extension for WebGL target not found
Refreshing native plugins compatible for Editor in 1.08 ms, found 3 plugins.
Preloading 0 native plugins for Editor in 0.00 ms.
Mono: successfully reloaded assembly
- Completed reload, in  1.054 seconds
Platform modules already initialized, skipping
Refreshing native plugins compatible for Editor in 0.49 ms, found 3 plugins.
Preloading 0 native plugins for Editor in 0.00 ms.
Unloading 2101 Unused Serialized files (Serialized files now loaded: 0)
System memory in use before: 94.9 MB.
System memory in use after: 94.8 MB.

Unloading 23 unused Assets to reduce memory usage. Loaded Objects now: 2575.
Total: 2.677200 ms (FindLiveObjects: 0.207700 ms CreateObjectMapping: 0.092000 ms MarkObjects: 2.225400 ms  DeleteObjects: 0.150900 ms)

========================================================================
Received Prepare
Registering precompiled user dll's ...
Registered in 0.006006 seconds.
Begin MonoManager ReloadAssembly
Native extension for WindowsStandalone target not found
Native extension for WebGL target not found
Refreshing native plugins compatible for Editor in 0.47 ms, found 3 plugins.
Preloading 0 native plugins for Editor in 0.00 ms.
Mono: successfully reloaded assembly
- Completed reload, in  1.106 seconds
Platform modules already initialized, skipping
Refreshing native plugins compatible for Editor in 0.50 ms, found 3 plugins.
Preloading 0 native plugins for Editor in 0.00 ms.
Unloading 2101 Unused Serialized files (Serialized files now loaded: 0)
System memory in use before: 94.9 MB.
System memory in use after: 94.8 MB.

Unloading 23 unused Assets to reduce memory usage. Loaded Objects now: 2579.
Total: 2.582000 ms (FindLiveObjects: 0.224400 ms CreateObjectMapping: 0.103300 ms MarkObjects: 2.116800 ms  DeleteObjects: 0.135600 ms)

========================================================================
Received Prepare
Registering precompiled user dll's ...
Registered in 0.003734 seconds.
Begin MonoManager ReloadAssembly
Native extension for WindowsStandalone target not found
Native extension for WebGL target not found
Refreshing native plugins compatible for Editor in 0.51 ms, found 3 plugins.
Preloading 0 native plugins for Editor in 0.00 ms.
Mono: successfully reloaded assembly
- Completed reload, in  1.037 seconds
Platform modules already initialized, skipping
Refreshing native plugins compatible for Editor in 0.50 ms, found 3 plugins.
Preloading 0 native plugins for Editor in 0.00 ms.
Unloading 2101 Unused Serialized files (Serialized files now loaded: 0)
System memory in use before: 94.9 MB.
System memory in use after: 94.9 MB.

Unloading 23 unused Assets to reduce memory usage. Loaded Objects now: 2583.
Total: 2.711600 ms (FindLiveObjects: 0.201500 ms CreateObjectMapping: 0.081800 ms MarkObjects: 2.299200 ms  DeleteObjects: 0.128000 ms)

========================================================================
Received Prepare
Registering precompiled user dll's ...
Registered in 0.003664 seconds.
Begin MonoManager ReloadAssembly
Native extension for WindowsStandalone target not found
Native extension for WebGL target not found
Refreshing native plugins compatible for Editor in 0.56 ms, found 3 plugins.
Preloading 0 native plugins for Editor in 0.00 ms.
Mono: successfully reloaded assembly
- Completed reload, in  1.045 seconds
Platform modules already initialized, skipping
Refreshing native plugins compatible for Editor in 0.47 ms, found 3 plugins.
Preloading 0 native plugins for Editor in 0.00 ms.
Unloading 2101 Unused Serialized files (Serialized files now loaded: 0)
System memory in use before: 94.9 MB.
System memory in use after: 94.9 MB.

Unloading 23 unused Assets to reduce memory usage. Loaded Objects now: 2587.
Total: 2.545800 ms (FindLiveObjects: 0.192500 ms CreateObjectMapping: 0.088100 ms MarkObjects: 2.118400 ms  DeleteObjects: 0.145800 ms)

========================================================================
Received Prepare
Registering precompiled user dll's ...
Registered in 0.003635 seconds.
Begin MonoManager ReloadAssembly
Native extension for WindowsStandalone target not found
Native extension for WebGL target not found
Refreshing native plugins compatible for Editor in 0.49 ms, found 3 plugins.
Preloading 0 native plugins for Editor in 0.00 ms.
Mono: successfully reloaded assembly
- Completed reload, in  1.039 seconds
Platform modules already initialized, skipping
Refreshing native plugins compatible for Editor in 0.48 ms, found 3 plugins.
Preloading 0 native plugins for Editor in 0.00 ms.
Unloading 2101 Unused Serialized files (Serialized files now loaded: 0)
System memory in use before: 94.9 MB.
System memory in use after: 94.9 MB.

Unloading 23 unused Assets to reduce memory usage. Loaded Objects now: 2591.
Total: 2.476800 ms (FindLiveObjects: 0.201800 ms CreateObjectMapping: 0.088900 ms MarkObjects: 2.029000 ms  DeleteObjects: 0.156000 ms)

========================================================================
Received Prepare
Registering precompiled user dll's ...
Registered in 0.003794 seconds.
Begin MonoManager ReloadAssembly
Native extension for WindowsStandalone target not found
Native extension for WebGL target not found
Refreshing native plugins compatible for Editor in 0.47 ms, found 3 plugins.
Preloading 0 native plugins for Editor in 0.00 ms.
Mono: successfully reloaded assembly
- Completed reload, in  1.042 seconds
Platform modules already initialized, skipping
Refreshing native plugins compatible for Editor in 0.48 ms, found 3 plugins.
Preloading 0 native plugins for Editor in 0.00 ms.
Unloading 2101 Unused Serialized files (Serialized files now loaded: 0)
System memory in use before: 94.9 MB.
System memory in use after: 94.9 MB.

Unloading 23 unused Assets to reduce memory usage. Loaded Objects now: 2595.
Total: 2.422100 ms (FindLiveObjects: 0.193100 ms CreateObjectMapping: 0.081900 ms MarkObjects: 1.998600 ms  DeleteObjects: 0.147500 ms)

========================================================================
Received Prepare
Refreshing native plugins compatible for Editor in 4.33 ms, found 3 plugins.
Preloading 0 native plugins for Editor in 0.00 ms.
Unloading 21 Unused Serialized files (Serialized files now loaded: 0)
System memory in use before: 53.8 MB.
System memory in use after: 53.8 MB.

Unloading 21 unused Assets to reduce memory usage. Loaded Objects now: 2595.
Total: 2.695900 ms (FindLiveObjects: 0.256400 ms CreateObjectMapping: 0.109700 ms MarkObjects: 2.198800 ms  DeleteObjects: 0.129900 ms)

========================================================================
Received Prepare
Refreshing native plugins compatible for Editor in 3.10 ms, found 3 plugins.
Preloading 0 native plugins for Editor in 0.00 ms.
Unloading 21 Unused Serialized files (Serialized files now loaded: 0)
System memory in use before: 53.8 MB.
System memory in use after: 53.8 MB.

Unloading 21 unused Assets to reduce memory usage. Loaded Objects now: 2595.
Total: 2.555800 ms (FindLiveObjects: 0.177100 ms CreateObjectMapping: 0.078600 ms MarkObjects: 2.154300 ms  DeleteObjects: 0.144600 ms)

========================================================================
Received Prepare
Registering precompiled user dll's ...
Registered in 0.004113 seconds.
Begin MonoManager ReloadAssembly
Native extension for WindowsStandalone target not found
Native extension for WebGL target not found
Refreshing native plugins compatible for Editor in 0.47 ms, found 3 plugins.
Preloading 0 native plugins for Editor in 0.00 ms.
Mono: successfully reloaded assembly
- Completed reload, in  1.039 seconds
Platform modules already initialized, skipping
Refreshing native plugins compatible for Editor in 0.48 ms, found 3 plugins.
Preloading 0 native plugins for Editor in 0.00 ms.
Unloading 2101 Unused Serialized files (Serialized files now loaded: 0)
System memory in use before: 94.9 MB.
System memory in use after: 94.9 MB.

Unloading 23 unused Assets to reduce memory usage. Loaded Objects now: 2599.
Total: 2.456500 ms (FindLiveObjects: 0.191000 ms CreateObjectMapping: 0.079100 ms MarkObjects: 2.022000 ms  DeleteObjects: 0.163500 ms)

========================================================================
Received Prepare
Refreshing native plugins compatible for Editor in 3.31 ms, found 3 plugins.
Preloading 0 native plugins for Editor in 0.00 ms.
Unloading 21 Unused Serialized files (Serialized files now loaded: 0)
System memory in use before: 53.8 MB.
System memory in use after: 53.8 MB.

Unloading 21 unused Assets to reduce memory usage. Loaded Objects now: 2599.
Total: 2.596300 ms (FindLiveObjects: 0.180400 ms CreateObjectMapping: 0.079900 ms MarkObjects: 2.192000 ms  DeleteObjects: 0.143100 ms)

========================================================================
Received Prepare
Refreshing native plugins compatible for Editor in 3.19 ms, found 3 plugins.
Preloading 0 native plugins for Editor in 0.00 ms.
Unloading 21 Unused Serialized files (Serialized files now loaded: 0)
System memory in use before: 53.8 MB.
System memory in use after: 53.8 MB.

Unloading 21 unused Assets to reduce memory usage. Loaded Objects now: 2599.
Total: 3.012300 ms (FindLiveObjects: 0.224700 ms CreateObjectMapping: 0.092600 ms MarkObjects: 2.562800 ms  DeleteObjects: 0.131200 ms)

========================================================================
Received Prepare
Refreshing native plugins compatible for Editor in 4.01 ms, found 3 plugins.
Preloading 0 native plugins for Editor in 0.00 ms.
Unloading 21 Unused Serialized files (Serialized files now loaded: 0)
System memory in use before: 53.8 MB.
System memory in use after: 53.8 MB.

Unloading 21 unused Assets to reduce memory usage. Loaded Objects now: 2599.
Total: 3.329700 ms (FindLiveObjects: 0.221400 ms CreateObjectMapping: 0.077800 ms MarkObjects: 2.833600 ms  DeleteObjects: 0.194400 ms)

========================================================================
Received Prepare
Refreshing native plugins compatible for Editor in 3.46 ms, found 3 plugins.
Preloading 0 native plugins for Editor in 0.00 ms.
Unloading 21 Unused Serialized files (Serialized files now loaded: 0)
System memory in use before: 53.8 MB.
System memory in use after: 53.8 MB.

Unloading 21 unused Assets to reduce memory usage. Loaded Objects now: 2599.
Total: 3.074100 ms (FindLiveObjects: 0.211100 ms CreateObjectMapping: 0.083800 ms MarkObjects: 2.666400 ms  DeleteObjects: 0.111500 ms)

========================================================================
Received Prepare
Refreshing native plugins compatible for Editor in 4.49 ms, found 3 plugins.
Preloading 0 native plugins for Editor in 0.00 ms.
Unloading 21 Unused Serialized files (Serialized files now loaded: 0)
System memory in use before: 53.8 MB.
System memory in use after: 53.8 MB.

Unloading 21 unused Assets to reduce memory usage. Loaded Objects now: 2599.
Total: 3.104600 ms (FindLiveObjects: 0.240600 ms CreateObjectMapping: 0.095800 ms MarkObjects: 2.644200 ms  DeleteObjects: 0.122800 ms)

========================================================================
Received Prepare
Refreshing native plugins compatible for Editor in 229.61 ms, found 3 plugins.
Preloading 0 native plugins for Editor in 0.00 ms.
Unloading 21 Unused Serialized files (Serialized files now loaded: 0)
System memory in use before: 53.8 MB.
System memory in use after: 53.8 MB.

Unloading 21 unused Assets to reduce memory usage. Loaded Objects now: 2599.
Total: 3.483700 ms (FindLiveObjects: 0.241500 ms CreateObjectMapping: 0.081800 ms MarkObjects: 2.962700 ms  DeleteObjects: 0.195000 ms)

========================================================================
Received Prepare
Refreshing native plugins compatible for Editor in 3.36 ms, found 3 plugins.
Preloading 0 native plugins for Editor in 0.00 ms.
Unloading 21 Unused Serialized files (Serialized files now loaded: 0)
System memory in use before: 53.8 MB.
System memory in use after: 53.8 MB.

Unloading 21 unused Assets to reduce memory usage. Loaded Objects now: 2599.
Total: 3.002800 ms (FindLiveObjects: 0.214000 ms CreateObjectMapping: 0.088200 ms MarkObjects: 2.573500 ms  DeleteObjects: 0.125800 ms)

========================================================================
Received Prepare
Refreshing native plugins compatible for Editor in 3.46 ms, found 3 plugins.
Preloading 0 native plugins for Editor in 0.00 ms.
Unloading 21 Unused Serialized files (Serialized files now loaded: 0)
System memory in use before: 53.8 MB.
System memory in use after: 53.8 MB.

Unloading 21 unused Assets to reduce memory usage. Loaded Objects now: 2599.
Total: 3.643900 ms (FindLiveObjects: 0.202700 ms CreateObjectMapping: 0.078300 ms MarkObjects: 3.199700 ms  DeleteObjects: 0.161500 ms)

========================================================================
Received Prepare
Refreshing native plugins compatible for Editor in 3.38 ms, found 3 plugins.
Preloading 0 native plugins for Editor in 0.00 ms.
Unloading 21 Unused Serialized files (Serialized files now loaded: 0)
System memory in use before: 53.8 MB.
System memory in use after: 53.8 MB.

Unloading 21 unused Assets to reduce memory usage. Loaded Objects now: 2599.
Total: 3.144400 ms (FindLiveObjects: 0.221500 ms CreateObjectMapping: 0.088000 ms MarkObjects: 2.713300 ms  DeleteObjects: 0.120300 ms)

========================================================================
Received Prepare
Refreshing native plugins compatible for Editor in 3.62 ms, found 3 plugins.
Preloading 0 native plugins for Editor in 0.00 ms.
Unloading 21 Unused Serialized files (Serialized files now loaded: 0)
System memory in use before: 53.8 MB.
System memory in use after: 53.8 MB.

Unloading 21 unused Assets to reduce memory usage. Loaded Objects now: 2599.
Total: 3.415200 ms (FindLiveObjects: 0.254900 ms CreateObjectMapping: 0.084800 ms MarkObjects: 2.937000 ms  DeleteObjects: 0.137300 ms)

========================================================================
Received Prepare
Refreshing native plugins compatible for Editor in 3.34 ms, found 3 plugins.
Preloading 0 native plugins for Editor in 0.00 ms.
Unloading 21 Unused Serialized files (Serialized files now loaded: 0)
System memory in use before: 53.8 MB.
System memory in use after: 53.8 MB.

Unloading 21 unused Assets to reduce memory usage. Loaded Objects now: 2599.
Total: 3.037900 ms (FindLiveObjects: 0.203300 ms CreateObjectMapping: 0.091600 ms MarkObjects: 2.589800 ms  DeleteObjects: 0.152200 ms)

========================================================================
Received Prepare
Refreshing native plugins compatible for Editor in 3.72 ms, found 3 plugins.
Preloading 0 native plugins for Editor in 0.00 ms.
Unloading 21 Unused Serialized files (Serialized files now loaded: 0)
System memory in use before: 53.8 MB.
System memory in use after: 53.8 MB.

Unloading 21 unused Assets to reduce memory usage. Loaded Objects now: 2599.
Total: 3.253200 ms (FindLiveObjects: 0.212800 ms CreateObjectMapping: 0.080400 ms MarkObjects: 2.820900 ms  DeleteObjects: 0.137800 ms)

========================================================================
Received Prepare
Refreshing native plugins compatible for Editor in 3.79 ms, found 3 plugins.
Preloading 0 native plugins for Editor in 0.00 ms.
Unloading 21 Unused Serialized files (Serialized files now loaded: 0)
System memory in use before: 53.8 MB.
System memory in use after: 53.8 MB.

Unloading 21 unused Assets to reduce memory usage. Loaded Objects now: 2599.
Total: 3.105700 ms (FindLiveObjects: 0.212000 ms CreateObjectMapping: 0.085000 ms MarkObjects: 2.643400 ms  DeleteObjects: 0.164100 ms)

AssetImportWorkerClient::OnTransportError - code=2 error=End of file
