Using pre-set license
Built from '2020.3/staging' branch; Version is '2020.3.11f1 (99c7afb366b3) revision 10078127'; Using compiler version '192528614'; Build Type 'Release'
OS: 'Windows 10 Pro; OS build 19042.1052; Version 2009; 64bit' Language: 'en' Physical Memory: 12225 MB
BatchMode: 1, IsHumanControllingUs: 0, StartBugReporterOnCrash: 0, Is64bit: 1, IsPro: 0

 COMMAND LINE ARGUMENTS:
I:\Softwares\Installed_Softwares\Unity\2020.3.11f1\Editor\Unity.exe
-adb2
-batchMode
-noUpm
-name
AssetImportWorker0
-projectPath
F:/Game_Projects/SimpleSpaceShooter/Unity_project/SpaceShooter
-logFile
Logs/AssetImportWorker0.log
-srvPort
53451
Successfully changed project path to: F:/Game_Projects/SimpleSpaceShooter/Unity_project/SpaceShooter
F:/Game_Projects/SimpleSpaceShooter/Unity_project/SpaceShooter
Using Asset Import Pipeline V2.
Refreshing native plugins compatible for Editor in 46.56 ms, found 3 plugins.
Preloading 0 native plugins for Editor in 0.00 ms.
Initialize engine version: 2020.3.11f1 (99c7afb366b3)
[Subsystems] Discovering subsystems at path I:/Softwares/Installed_Softwares/Unity/2020.3.11f1/Editor/Data/Resources/UnitySubsystems
[Subsystems] Discovering subsystems at path F:/Game_Projects/SimpleSpaceShooter/Unity_project/SpaceShooter/Assets
GfxDevice: creating device client; threaded=0
Direct3D:
    Version:  Direct3D 11.0 [level 11.0]
    Renderer: NVIDIA GeForce GTX 650 Ti (ID=0x11c6)
    Vendor:   
    VRAM:     984 MB
    Driver:   27.21.14.5671
Initialize mono
Mono path[0] = 'I:/Softwares/Installed_Softwares/Unity/2020.3.11f1/Editor/Data/Managed'
Mono path[1] = 'I:/Softwares/Installed_Softwares/Unity/2020.3.11f1/Editor/Data/MonoBleedingEdge/lib/mono/unityjit'
Mono config path = 'I:/Softwares/Installed_Softwares/Unity/2020.3.11f1/Editor/Data/MonoBleedingEdge/etc'
Using monoOptions --debugger-agent=transport=dt_socket,embedding=1,server=y,suspend=n,address=127.0.0.1:56556
Begin MonoManager ReloadAssembly
Registering precompiled unity dll's ...
Register platform support module: I:/Softwares/Installed_Softwares/Unity/2020.3.11f1/Editor/Data/PlaybackEngines/WebGLSupport/UnityEditor.WebGL.Extensions.dll
Register platform support module: I:/Softwares/Installed_Softwares/Unity/2020.3.11f1/Editor/Data/PlaybackEngines/WindowsStandaloneSupport/UnityEditor.WindowsStandalone.Extensions.dll
Registered in 0.001388 seconds.
Native extension for WindowsStandalone target not found
Native extension for WebGL target not found
Refreshing native plugins compatible for Editor in 44.23 ms, found 3 plugins.
Preloading 0 native plugins for Editor in 0.00 ms.
Mono: successfully reloaded assembly
- Completed reload, in  1.808 seconds
Platform modules already initialized, skipping
Registering precompiled user dll's ...
Registered in 0.003464 seconds.
Begin MonoManager ReloadAssembly
Native extension for WindowsStandalone target not found
Native extension for WebGL target not found
Refreshing native plugins compatible for Editor in 46.08 ms, found 3 plugins.
Preloading 0 native plugins for Editor in 0.00 ms.
Mono: successfully reloaded assembly
- Completed reload, in  1.202 seconds
Platform modules already initialized, skipping
========================================================================
Worker process is ready to serve import requests
Launched and connected shader compiler UnityShaderCompiler.exe after 0.04 seconds
Refreshing native plugins compatible for Editor in 0.53 ms, found 3 plugins.
Preloading 0 native plugins for Editor in 0.00 ms.
Unloading 2110 Unused Serialized files (Serialized files now loaded: 0)
System memory in use before: 95.8 MB.
System memory in use after: 95.7 MB.

Unloading 33 unused Assets to reduce memory usage. Loaded Objects now: 2546.
Total: 2.841700 ms (FindLiveObjects: 0.262500 ms CreateObjectMapping: 0.139600 ms MarkObjects: 2.036800 ms  DeleteObjects: 0.401300 ms)

========================================================================
Received Import Request.
  path: Assets/Scripts/ScoreData.cs
  artifactKey: Guid(b3a14d61199557b4aa04e6fc7179b487) Importer(815301076,1909f56bfc062723c751e8b465ee728b)
Start importing Assets/Scripts/ScoreData.cs using Guid(b3a14d61199557b4aa04e6fc7179b487) Importer(815301076,1909f56bfc062723c751e8b465ee728b)  -> (artifact id: '2e60e69fcb892437be3266f598603018') in 0.093871 seconds
  Import took 0.098068 seconds .

========================================================================
Received Import Request.
  Time since last request: 318.063406 seconds.
  path: Assets/Scripts/ScoreData.cs
  artifactKey: Guid(b3a14d61199557b4aa04e6fc7179b487) Importer(815301076,1909f56bfc062723c751e8b465ee728b)
Start importing Assets/Scripts/ScoreData.cs using Guid(b3a14d61199557b4aa04e6fc7179b487) Importer(815301076,1909f56bfc062723c751e8b465ee728b)  -> (artifact id: 'b683fbf5e1f11c78fd7db6f5e47153d1') in 0.004004 seconds
  Import took 0.014944 seconds .

========================================================================
Received Import Request.
  Time since last request: 32.742783 seconds.
  path: Assets/Scripts/ScoreData.cs
  artifactKey: Guid(b3a14d61199557b4aa04e6fc7179b487) Importer(815301076,1909f56bfc062723c751e8b465ee728b)
Start importing Assets/Scripts/ScoreData.cs using Guid(b3a14d61199557b4aa04e6fc7179b487) Importer(815301076,1909f56bfc062723c751e8b465ee728b)  -> (artifact id: '96216e45e29f69130604762a8a219642') in 0.004762 seconds
  Import took 0.008539 seconds .

========================================================================
Received Prepare
Registering precompiled user dll's ...
Registered in 0.003516 seconds.
Begin MonoManager ReloadAssembly
Native extension for WindowsStandalone target not found
Native extension for WebGL target not found
Refreshing native plugins compatible for Editor in 0.46 ms, found 3 plugins.
Preloading 0 native plugins for Editor in 0.00 ms.
Mono: successfully reloaded assembly
- Completed reload, in  1.077 seconds
Platform modules already initialized, skipping
Switching build target platform(19) subTarget(0) extendedPlatform(0) -> platform(13) subTarget(537395200) extendedPlatform(0)
Refreshing native plugins compatible for Editor in 0.46 ms, found 3 plugins.
Preloading 0 native plugins for Editor in 0.00 ms.
Unloading 2095 Unused Serialized files (Serialized files now loaded: 0)
System memory in use before: 94.3 MB.
System memory in use after: 94.3 MB.

Unloading 21 unused Assets to reduce memory usage. Loaded Objects now: 2550.
Total: 2.541500 ms (FindLiveObjects: 0.307400 ms CreateObjectMapping: 0.110000 ms MarkObjects: 1.978900 ms  DeleteObjects: 0.143900 ms)

AssetImportParameters requested are different than current active one (requested -> active):
  custom:graphics/normal-map-encoding: 01000000000000000000000000000000 -> 02000000000000000000000000000000
========================================================================
Received Prepare
Registering precompiled user dll's ...
Registered in 0.003176 seconds.
Begin MonoManager ReloadAssembly
Native extension for WindowsStandalone target not found
Native extension for WebGL target not found
Refreshing native plugins compatible for Editor in 0.48 ms, found 3 plugins.
Preloading 0 native plugins for Editor in 0.00 ms.
Mono: successfully reloaded assembly
- Completed reload, in  1.039 seconds
Platform modules already initialized, skipping
Switching build target platform(19) subTarget(0) extendedPlatform(0) -> platform(13) subTarget(537395200) extendedPlatform(0)
Refreshing native plugins compatible for Editor in 0.45 ms, found 3 plugins.
Preloading 0 native plugins for Editor in 0.00 ms.
Unloading 2095 Unused Serialized files (Serialized files now loaded: 0)
System memory in use before: 94.3 MB.
System memory in use after: 94.3 MB.

Unloading 21 unused Assets to reduce memory usage. Loaded Objects now: 2554.
Total: 2.412900 ms (FindLiveObjects: 0.193300 ms CreateObjectMapping: 0.084000 ms MarkObjects: 1.996200 ms  DeleteObjects: 0.138400 ms)

AssetImportParameters requested are different than current active one (requested -> active):
  custom:graphics/normal-map-encoding: 01000000000000000000000000000000 -> 02000000000000000000000000000000
========================================================================
Received Import Request.
  Time since last request: 127.412085 seconds.
  path: Assets/Scripts/ScoreData.cs
  artifactKey: Guid(b3a14d61199557b4aa04e6fc7179b487) Importer(815301076,1909f56bfc062723c751e8b465ee728b)
Start importing Assets/Scripts/ScoreData.cs using Guid(b3a14d61199557b4aa04e6fc7179b487) Importer(815301076,1909f56bfc062723c751e8b465ee728b)  -> (artifact id: '148de2717ecfaa770ae749cb517c4790') in 0.004596 seconds
  Import took 0.007829 seconds .

========================================================================
Received Prepare
Registering precompiled user dll's ...
Registered in 0.003591 seconds.
Begin MonoManager ReloadAssembly
Native extension for WindowsStandalone target not found
Native extension for WebGL target not found
Refreshing native plugins compatible for Editor in 0.45 ms, found 3 plugins.
Preloading 0 native plugins for Editor in 0.00 ms.
Mono: successfully reloaded assembly
- Completed reload, in  1.052 seconds
Platform modules already initialized, skipping
Switching build target platform(19) subTarget(0) extendedPlatform(0) -> platform(13) subTarget(537395200) extendedPlatform(0)
Refreshing native plugins compatible for Editor in 0.51 ms, found 3 plugins.
Preloading 0 native plugins for Editor in 0.00 ms.
Unloading 2095 Unused Serialized files (Serialized files now loaded: 0)
System memory in use before: 94.4 MB.
System memory in use after: 94.3 MB.

Unloading 21 unused Assets to reduce memory usage. Loaded Objects now: 2558.
Total: 2.533000 ms (FindLiveObjects: 0.197500 ms CreateObjectMapping: 0.088300 ms MarkObjects: 2.102900 ms  DeleteObjects: 0.143300 ms)

AssetImportParameters requested are different than current active one (requested -> active):
  custom:graphics/normal-map-encoding: 01000000000000000000000000000000 -> 02000000000000000000000000000000
========================================================================
Received Import Request.
  Time since last request: 407.579334 seconds.
  path: Assets/Scripts/ScoreData.cs
  artifactKey: Guid(b3a14d61199557b4aa04e6fc7179b487) Importer(815301076,1909f56bfc062723c751e8b465ee728b)
Start importing Assets/Scripts/ScoreData.cs using Guid(b3a14d61199557b4aa04e6fc7179b487) Importer(815301076,1909f56bfc062723c751e8b465ee728b)  -> (artifact id: '2f4fe2a18951dc774f537dfc1f8fedf7') in 0.004834 seconds
  Import took 0.008350 seconds .

========================================================================
Received Import Request.
  Time since last request: 25.841788 seconds.
  path: Assets/Scripts/SaveSystem.cs
  artifactKey: Guid(4e7fd74b14791f849a65daf5cc7b0208) Importer(815301076,1909f56bfc062723c751e8b465ee728b)
Start importing Assets/Scripts/SaveSystem.cs using Guid(4e7fd74b14791f849a65daf5cc7b0208) Importer(815301076,1909f56bfc062723c751e8b465ee728b)  -> (artifact id: 'fcc49334b1a4f63c477f62618f6ae025') in 0.034501 seconds
  Import took 0.046052 seconds .

========================================================================
Received Prepare
Registering precompiled user dll's ...
Registered in 0.003300 seconds.
Begin MonoManager ReloadAssembly
Native extension for WindowsStandalone target not found
Native extension for WebGL target not found
Refreshing native plugins compatible for Editor in 0.46 ms, found 3 plugins.
Preloading 0 native plugins for Editor in 0.00 ms.
Mono: successfully reloaded assembly
- Completed reload, in  1.185 seconds
Platform modules already initialized, skipping
Switching build target platform(19) subTarget(0) extendedPlatform(0) -> platform(13) subTarget(537395200) extendedPlatform(0)
Refreshing native plugins compatible for Editor in 0.46 ms, found 3 plugins.
Preloading 0 native plugins for Editor in 0.00 ms.
Unloading 2096 Unused Serialized files (Serialized files now loaded: 0)
System memory in use before: 94.4 MB.
System memory in use after: 94.4 MB.

Unloading 21 unused Assets to reduce memory usage. Loaded Objects now: 2563.
Total: 2.358200 ms (FindLiveObjects: 0.187600 ms CreateObjectMapping: 0.079300 ms MarkObjects: 1.953500 ms  DeleteObjects: 0.136600 ms)

AssetImportParameters requested are different than current active one (requested -> active):
  custom:graphics/normal-map-encoding: 01000000000000000000000000000000 -> 02000000000000000000000000000000
========================================================================
Received Prepare
Registering precompiled user dll's ...
Registered in 0.003340 seconds.
Begin MonoManager ReloadAssembly
Native extension for WindowsStandalone target not found
Native extension for WebGL target not found
Refreshing native plugins compatible for Editor in 0.45 ms, found 3 plugins.
Preloading 0 native plugins for Editor in 0.00 ms.
Mono: successfully reloaded assembly
- Completed reload, in  1.068 seconds
Platform modules already initialized, skipping
Switching build target platform(19) subTarget(0) extendedPlatform(0) -> platform(13) subTarget(537395200) extendedPlatform(0)
Refreshing native plugins compatible for Editor in 0.48 ms, found 3 plugins.
Preloading 0 native plugins for Editor in 0.00 ms.
Unloading 2096 Unused Serialized files (Serialized files now loaded: 0)
System memory in use before: 94.4 MB.
System memory in use after: 94.4 MB.

Unloading 21 unused Assets to reduce memory usage. Loaded Objects now: 2567.
Total: 2.542100 ms (FindLiveObjects: 0.197200 ms CreateObjectMapping: 0.087700 ms MarkObjects: 2.108400 ms  DeleteObjects: 0.147600 ms)

AssetImportParameters requested are different than current active one (requested -> active):
  custom:graphics/normal-map-encoding: 01000000000000000000000000000000 -> 02000000000000000000000000000000
========================================================================
Received Import Request.
  Time since last request: 1171.173884 seconds.
  path: Assets/Scripts/SaveSystem.cs
  artifactKey: Guid(4e7fd74b14791f849a65daf5cc7b0208) Importer(815301076,1909f56bfc062723c751e8b465ee728b)
Start importing Assets/Scripts/SaveSystem.cs using Guid(4e7fd74b14791f849a65daf5cc7b0208) Importer(815301076,1909f56bfc062723c751e8b465ee728b)  -> (artifact id: 'c0709a7d472deb97fe4efb129fb51f47') in 0.004480 seconds
  Import took 0.007740 seconds .

AssetImportWorkerClient::OnTransportError - code=2 error=End of file
